<?xml version="1.0" encoding="UTF-8"?>
<testsuite name="inkball.lossConditionTest" tests="1" skipped="0" failures="0" errors="0" timestamp="2024-10-25T12:28:56" hostname="Milads-MBP" time="1.091">
  <properties/>
  <testcase name="testloss()" classname="inkball.lossConditionTest" time="1.091"/>
  <system-out><![CDATA[]]></system-out>
  <system-err><![CDATA[]]></system-err>
</testsuite>
