<?xml version="1.0" encoding="UTF-8"?>
<testsuite name="inkball.ballCaptureTest" tests="1" skipped="0" failures="0" errors="0" timestamp="2024-10-25T12:28:52" hostname="Milads-MBP" time="2.806">
  <properties/>
  <testcase name="testCapture()" classname="inkball.ballCaptureTest" time="2.806"/>
  <system-out><![CDATA[]]></system-out>
  <system-err><![CDATA[]]></system-err>
</testsuite>
